[0111/151517.545:ERROR:directory_reader_win.cc(43)] FindFirstFile: The system cannot find the path specified. (0x3)
[0111/151944.647:ERROR:process_reader_win.cc(123)] NtOpenThread: {Access Denied} A process has requested access to an object, but has not been granted those access rights. (0xc0000022)
[0111/151944.740:ERROR:exception_snapshot_win.cc(99)] thread ID 28080 not found in process
[0112/103726.187:ERROR:directory_reader_win.cc(43)] FindFirstFile: The system cannot find the path specified. (0x3)
[0113/104309.278:ERROR:directory_reader_win.cc(43)] FindFirstFile: The system cannot find the path specified. (0x3)
[0114/114932.973:ERROR:directory_reader_win.cc(43)] FindFirstFile: The system cannot find the path specified. (0x3)
[0115/111559.489:ERROR:directory_reader_win.cc(43)] FindFirstFile: The system cannot find the path specified. (0x3)
[0115/143357.704:ERROR:directory_reader_win.cc(43)] FindFirstFile: The system cannot find the path specified. (0x3)
[0115/184150.374:ERROR:directory_reader_win.cc(43)] FindFirstFile: The system cannot find the path specified. (0x3)
[0115/193710.556:ERROR:directory_reader_win.cc(43)] FindFirstFile: The system cannot find the path specified. (0x3)
[0116/105447.874:ERROR:directory_reader_win.cc(43)] FindFirstFile: The system cannot find the path specified. (0x3)
[0116/145627.591:ERROR:directory_reader_win.cc(43)] FindFirstFile: The system cannot find the path specified. (0x3)
[0117/192734.348:ERROR:directory_reader_win.cc(43)] FindFirstFile: The system cannot find the path specified. (0x3)
[0117/195023.779:ERROR:process_memory_win.cc(73)] ReadMemory at 0x7ff7b6af0000 of 64 bytes failed: Only part of a ReadProcessMemory or WriteProcessMemory request was completed. (0x12B)
[0117/195023.886:WARNING:pe_image_reader.cc(340)] could not read dos header from C:\Program Files (x86)\Google\Chrome\Application\chrome.exe
[0117/195023.886:ERROR:process_memory_win.cc(73)] ReadMemory at 0x7ff9f7120000 of 64 bytes failed: Only part of a ReadProcessMemory or WriteProcessMemory request was completed. (0x12B)
[0117/195023.886:WARNING:pe_image_reader.cc(340)] could not read dos header from C:\WINDOWS\SYSTEM32\ntdll.dll
[0117/195023.886:ERROR:process_memory_win.cc(73)] ReadMemory at 0x7ff9f51d0000 of 64 bytes failed: Only part of a ReadProcessMemory or WriteProcessMemory request was completed. (0x12B)
[0117/195023.886:WARNING:pe_image_reader.cc(340)] could not read dos header from C:\WINDOWS\System32\KERNEL32.DLL
[0117/195023.886:ERROR:process_memory_win.cc(73)] ReadMemory at 0x7ff9f42c0000 of 64 bytes failed: Only part of a ReadProcessMemory or WriteProcessMemory request was completed. (0x12B)
[0117/195023.887:WARNING:pe_image_reader.cc(340)] could not read dos header from C:\WINDOWS\System32\KERNELBASE.dll
[0117/195023.887:ERROR:process_memory_win.cc(73)] ReadMemory at 0x7ff9ce220000 of 64 bytes failed: Only part of a ReadProcessMemory or WriteProcessMemory request was completed. (0x12B)
[0117/195023.887:WARNING:pe_image_reader.cc(340)] could not read dos header from C:\Program Files (x86)\Google\Chrome\Application\87.0.4280.141\chrome_elf.dll
[0117/195023.887:ERROR:process_memory_win.cc(73)] ReadMemory at 0x7ff9ed5f0000 of 64 bytes failed: Only part of a ReadProcessMemory or WriteProcessMemory request was completed. (0x12B)
[0117/195023.887:WARNING:pe_image_reader.cc(340)] could not read dos header from C:\WINDOWS\SYSTEM32\VERSION.dll
[0117/195023.887:ERROR:process_memory_win.cc(73)] ReadMemory at 0x7ff9f6ba0000 of 64 bytes failed: Only part of a ReadProcessMemory or WriteProcessMemory request was completed. (0x12B)
[0117/195023.887:WARNING:pe_image_reader.cc(340)] could not read dos header from C:\WINDOWS\System32\msvcrt.dll
[0117/195023.887:ERROR:process_memory_win.cc(73)] ReadMemory at 0x7ff9f4090000 of 64 bytes failed: Only part of a ReadProcessMemory or WriteProcessMemory request was completed. (0x12B)
[0117/195023.887:WARNING:pe_image_reader.cc(340)] could not read dos header from C:\WINDOWS\System32\bcryptPrimitives.dll
[0117/195023.887:ERROR:process_memory_win.cc(73)] ReadMemory at 0x7ff9f6c50000 of 64 bytes failed: Only part of a ReadProcessMemory or WriteProcessMemory request was completed. (0x12B)
[0117/195023.926:WARNING:pe_image_reader.cc(340)] could not read dos header from C:\WINDOWS\System32\ADVAPI32.dll
[0117/195023.926:ERROR:process_memory_win.cc(73)] ReadMemory at 0x26269740000 of 64 bytes failed: Only part of a ReadProcessMemory or WriteProcessMemory request was completed. (0x12B)
[0117/195023.926:WARNING:pe_image_reader.cc(340)] could not read dos header from C:\WINDOWS\System32\sechost.dll
[0117/195023.927:ERROR:process_memory_win.cc(73)] ReadMemory at 0x7ff9f6d00000 of 64 bytes failed: Only part of a ReadProcessMemory or WriteProcessMemory request was completed. (0x12B)
[0117/195023.927:WARNING:pe_image_reader.cc(340)] could not read dos header from C:\WINDOWS\System32\RPCRT4.dll
[0117/195023.927:ERROR:process_memory_win.cc(73)] ReadMemory at 0x7ff996a10000 of 64 bytes failed: Only part of a ReadProcessMemory or WriteProcessMemory request was completed. (0x12B)
[0117/195023.927:WARNING:pe_image_reader.cc(340)] could not read dos header from C:\Program Files (x86)\Google\Chrome\Application\87.0.4280.141\chrome.dll
[0117/195023.927:ERROR:process_memory_win.cc(73)] ReadMemory at 0x7ff9f6790000 of 64 bytes failed: Only part of a ReadProcessMemory or WriteProcessMemory request was completed. (0x12B)
[0117/195023.927:WARNING:pe_image_reader.cc(340)] could not read dos header from C:\WINDOWS\System32\WS2_32.dll
[0117/195023.927:ERROR:process_memory_win.cc(73)] ReadMemory at 0x7ff9f6a10000 of 64 bytes failed: Only part of a ReadProcessMemory or WriteProcessMemory request was completed. (0x12B)
[0117/195023.927:WARNING:pe_image_reader.cc(340)] could not read dos header from C:\WINDOWS\System32\OLEAUT32.dll
[0117/195023.927:ERROR:process_memory_win.cc(73)] ReadMemory at 0x7ff9f47a0000 of 64 bytes failed: Only part of a ReadProcessMemory or WriteProcessMemory request was completed. (0x12B)
[0117/195023.927:WARNING:pe_image_reader.cc(340)] could not read dos header from C:\WINDOWS\System32\msvcp_win.dll
[0117/195023.927:ERROR:process_memory_win.cc(73)] ReadMemory at 0x7ff9f4670000 of 64 bytes failed: Only part of a ReadProcessMemory or WriteProcessMemory request was completed. (0x12B)
[0117/195023.927:WARNING:pe_image_reader.cc(340)] could not read dos header from C:\WINDOWS\System32\ucrtbase.dll
[0117/195023.927:ERROR:process_memory_win.cc(73)] ReadMemory at 0x7ff9f5c70000 of 64 bytes failed: Only part of a ReadProcessMemory or WriteProcessMemory request was completed. (0x12B)
[0117/195023.927:WARNING:pe_image_reader.cc(340)] could not read dos header from C:\WINDOWS\System32\combase.dll
[0117/195023.927:ERROR:process_memory_win.cc(73)] ReadMemory at 0x7ff9f45f0000 of 64 bytes failed: Only part of a ReadProcessMemory or WriteProcessMemory request was completed. (0x12B)
[0117/195023.927:WARNING:pe_image_reader.cc(340)] could not read dos header from C:\WINDOWS\System32\WINTRUST.dll
[0117/195023.927:ERROR:process_memory_win.cc(73)] ReadMemory at 0x7ff9f3fd0000 of 64 bytes failed: Only part of a ReadProcessMemory or WriteProcessMemory request was completed. (0x12B)
[0117/195023.927:WARNING:pe_image_reader.cc(340)] could not read dos header from C:\WINDOWS\System32\MSASN1.dll
[0117/195023.927:ERROR:process_memory_win.cc(73)] ReadMemory at 0x7ff9f48f0000 of 64 bytes failed: Only part of a ReadProcessMemory or WriteProcessMemory request was completed. (0x12B)
[0117/195023.927:WARNING:pe_image_reader.cc(340)] could not read dos header from C:\WINDOWS\System32\CRYPT32.dll
[0117/195023.927:ERROR:process_memory_win.cc(73)] ReadMemory at 0x7ff9f28b0000 of 64 bytes failed: Only part of a ReadProcessMemory or WriteProcessMemory request was completed. (0x12B)
[0117/195023.927:WARNING:pe_image_reader.cc(340)] could not read dos header from C:\WINDOWS\SYSTEM32\dbghelp.dll
[0117/195023.927:ERROR:process_memory_win.cc(73)] ReadMemory at 0x7ff9f34c0000 of 64 bytes failed: Only part of a ReadProcessMemory or WriteProcessMemory request was completed. (0x12B)
[0117/195023.927:WARNING:pe_image_reader.cc(340)] could not read dos header from C:\WINDOWS\SYSTEM32\IPHLPAPI.DLL
[0117/195023.927:ERROR:process_memory_win.cc(73)] ReadMemory at 0x7ff9f04d0000 of 64 bytes failed: Only part of a ReadProcessMemory or WriteProcessMemory request was completed. (0x12B)
[0117/195023.927:WARNING:pe_image_reader.cc(340)] could not read dos header from C:\WINDOWS\SYSTEM32\WINMM.dll
[0117/195023.927:ERROR:process_memory_win.cc(73)] ReadMemory at 0x7ff9cdd10000 of 64 bytes failed: Only part of a ReadProcessMemory or WriteProcessMemory request was completed. (0x12B)
[0117/195023.927:WARNING:pe_image_reader.cc(340)] could not read dos header from C:\WINDOWS\SYSTEM32\UIAutomationCore.DLL
[0117/195023.927:ERROR:process_memory_win.cc(73)] ReadMemory at 0x7ff9e0c40000 of 64 bytes failed: Only part of a ReadProcessMemory or WriteProcessMemory request was completed. (0x12B)
[0117/195023.927:WARNING:pe_image_reader.cc(340)] could not read dos header from C:\WINDOWS\SYSTEM32\Secur32.dll
[0117/195023.927:ERROR:process_memory_win.cc(73)] ReadMemory at 0x7ff9f3ea0000 of 64 bytes failed: Only part of a ReadProcessMemory or WriteProcessMemory request was completed. (0x12B)
[0117/195023.927:WARNING:pe_image_reader.cc(340)] could not read dos header from C:\WINDOWS\SYSTEM32\USERENV.dll
[0117/195023.927:ERROR:process_memory_win.cc(73)] ReadMemory at 0x7ff9f4010000 of 64 bytes failed: Only part of a ReadProcessMemory or WriteProcessMemory request was completed. (0x12B)
[0117/195023.927:WARNING:pe_image_reader.cc(340)] could not read dos header from C:\WINDOWS\System32\profapi.dll
[0117/195023.927:ERROR:process_memory_win.cc(73)] ReadMemory at 0x7ff9ecfc0000 of 64 bytes failed: Only part of a ReadProcessMemory or WriteProcessMemory request was completed. (0x12B)
[0117/195023.927:WARNING:pe_image_reader.cc(340)] could not read dos header from C:\WINDOWS\SYSTEM32\DWrite.dll
[0117/195023.927:ERROR:process_memory_win.cc(73)] ReadMemory at 0x7ff9d2bb0000 of 64 bytes failed: Only part of a ReadProcessMemory or WriteProcessMemory request was completed. (0x12B)
[0117/195023.927:WARNING:pe_image_reader.cc(340)] could not read dos header from C:\WINDOWS\SYSTEM32\WINSPOOL.DRV
[0117/195023.927:ERROR:process_memory_win.cc(73)] ReadMemory at 0x7ff9f3ff0000 of 64 bytes failed: Only part of a ReadProcessMemory or WriteProcessMemory request was completed. (0x12B)
[0117/195023.927:WARNING:pe_image_reader.cc(340)] could not read dos header from C:\WINDOWS\System32\kernel.appcore.dll
[0117/195023.927:ERROR:process_memory_win.cc(73)] ReadMemory at 0x7ff9f45c0000 of 64 bytes failed: Only part of a ReadProcessMemory or WriteProcessMemory request was completed. (0x12B)
[0117/195023.927:WARNING:pe_image_reader.cc(340)] could not read dos header from C:\WINDOWS\System32\bcrypt.dll
[0117/195023.927:ERROR:process_memory_win.cc(73)] ReadMemory at 0x7ff9e8290000 of 64 bytes failed: Only part of a ReadProcessMemory or WriteProcessMemory request was completed. (0x12B)
[0117/195023.927:WARNING:pe_image_reader.cc(340)] could not read dos header from C:\WINDOWS\SYSTEM32\WINHTTP.dll
[0117/195023.930:ERROR:process_memory_win.cc(73)] ReadMemory at 0x7ff9e8100000 of 64 bytes failed: Only part of a ReadProcessMemory or WriteProcessMemory request was completed. (0x12B)
[0117/195023.930:WARNING:pe_image_reader.cc(340)] could not read dos header from C:\WINDOWS\SYSTEM32\dhcpcsvc.DLL
[0117/195023.930:ERROR:process_memory_win.cc(73)] ReadMemory at 0x7ff9f6fa0000 of 64 bytes failed: Only part of a ReadProcessMemory or WriteProcessMemory request was completed. (0x12B)
[0117/195023.930:WARNING:pe_image_reader.cc(340)] could not read dos header from C:\WINDOWS\System32\NSI.dll
[0117/195023.930:ERROR:process_memory_win.cc(73)] ReadMemory at 0x7ff9f04a0000 of 64 bytes failed: Only part of a ReadProcessMemory or WriteProcessMemory request was completed. (0x12B)
[0117/195023.930:WARNING:pe_image_reader.cc(340)] could not read dos header from C:\WINDOWS\SYSTEM32\WINMMBASE.dll
[0117/195023.930:ERROR:process_memory_win.cc(73)] ReadMemory at 0x7ff9f4570000 of 64 bytes failed: Only part of a ReadProcessMemory or WriteProcessMemory request was completed. (0x12B)
[0117/195023.930:WARNING:pe_image_reader.cc(340)] could not read dos header from C:\WINDOWS\System32\cfgmgr32.dll
[0117/195023.930:ERROR:process_memory_win.cc(73)] ReadMemory at 0x7ff9f1d50000 of 64 bytes failed: Only part of a ReadProcessMemory or WriteProcessMemory request was completed. (0x12B)
[0117/195023.930:WARNING:pe_image_reader.cc(340)] could not read dos header from C:\WINDOWS\SYSTEM32\PROPSYS.dll
[0117/195023.930:ERROR:process_memory_win.cc(73)] ReadMemory at 0x7ff9f61f0000 of 64 bytes failed: Only part of a ReadProcessMemory or WriteProcessMemory request was completed. (0x12B)
[0117/195023.930:WARNING:pe_image_reader.cc(340)] could not read dos header from C:\WINDOWS\System32\shcore.dll
[0117/195023.930:ERROR:process_memory_win.cc(73)] ReadMemory at 0x7ff9f3ed0000 of 64 bytes failed: Only part of a ReadProcessMemory or WriteProcessMemory request was completed. (0x12B)
[0117/195023.930:WARNING:pe_image_reader.cc(340)] could not read dos header from C:\WINDOWS\SYSTEM32\SSPICLI.DLL
[0117/195023.930:ERROR:process_memory_win.cc(73)] ReadMemory at 0x7ff9f3980000 of 64 bytes failed: Only part of a ReadProcessMemory or WriteProcessMemory request was completed. (0x12B)
[0117/195023.930:WARNING:pe_image_reader.cc(340)] could not read dos header from C:\WINDOWS\SYSTEM32\CRYPTBASE.DLL
[0117/195024.055:ERROR:process_memory_win.cc(73)] ReadMemory at 0x7ff7b6af0000 of 64 bytes failed: Only part of a ReadProcessMemory or WriteProcessMemory request was completed. (0x12B)
[0117/195024.055:WARNING:pe_image_reader.cc(340)] could not read dos header from C:\Program Files (x86)\Google\Chrome\Application\chrome.exe
[0117/195024.055:ERROR:process_memory_win.cc(73)] ReadMemory at 0x7ff9f7120000 of 64 bytes failed: Only part of a ReadProcessMemory or WriteProcessMemory request was completed. (0x12B)
[0117/195024.055:WARNING:pe_image_reader.cc(340)] could not read dos header from C:\WINDOWS\SYSTEM32\ntdll.dll
[0117/195024.055:ERROR:process_memory_win.cc(73)] ReadMemory at 0x7ff9f51d0000 of 64 bytes failed: Only part of a ReadProcessMemory or WriteProcessMemory request was completed. (0x12B)
[0117/195024.055:WARNING:pe_image_reader.cc(340)] could not read dos header from C:\WINDOWS\System32\KERNEL32.DLL
[0117/195024.055:ERROR:process_memory_win.cc(73)] ReadMemory at 0x7ff9f42c0000 of 64 bytes failed: Only part of a ReadProcessMemory or WriteProcessMemory request was completed. (0x12B)
[0117/195024.055:WARNING:pe_image_reader.cc(340)] could not read dos header from C:\WINDOWS\System32\KERNELBASE.dll
[0117/195024.055:ERROR:process_memory_win.cc(73)] ReadMemory at 0x7ff9ce220000 of 64 bytes failed: Only part of a ReadProcessMemory or WriteProcessMemory request was completed. (0x12B)
[0117/195024.055:WARNING:pe_image_reader.cc(340)] could not read dos header from C:\Program Files (x86)\Google\Chrome\Application\87.0.4280.141\chrome_elf.dll
[0117/195024.055:ERROR:process_memory_win.cc(73)] ReadMemory at 0x7ff9ed5f0000 of 64 bytes failed: Only part of a ReadProcessMemory or WriteProcessMemory request was completed. (0x12B)
[0117/195024.055:WARNING:pe_image_reader.cc(340)] could not read dos header from C:\WINDOWS\SYSTEM32\VERSION.dll
[0117/195024.055:ERROR:process_memory_win.cc(73)] ReadMemory at 0x7ff9f6ba0000 of 64 bytes failed: Only part of a ReadProcessMemory or WriteProcessMemory request was completed. (0x12B)
[0117/195024.055:WARNING:pe_image_reader.cc(340)] could not read dos header from C:\WINDOWS\System32\msvcrt.dll
[0117/195024.055:ERROR:process_memory_win.cc(73)] ReadMemory at 0x7ff9f4090000 of 64 bytes failed: Only part of a ReadProcessMemory or WriteProcessMemory request was completed. (0x12B)
[0117/195024.055:WARNING:pe_image_reader.cc(340)] could not read dos header from C:\WINDOWS\System32\bcryptPrimitives.dll
[0117/195024.055:ERROR:process_memory_win.cc(73)] ReadMemory at 0x7ff9f6c50000 of 64 bytes failed: Only part of a ReadProcessMemory or WriteProcessMemory request was completed. (0x12B)
[0117/195024.055:WARNING:pe_image_reader.cc(340)] could not read dos header from C:\WINDOWS\System32\ADVAPI32.dll
[0117/195024.055:ERROR:process_memory_win.cc(73)] ReadMemory at 0x26269740000 of 64 bytes failed: Only part of a ReadProcessMemory or WriteProcessMemory request was completed. (0x12B)
[0117/195024.055:WARNING:pe_image_reader.cc(340)] could not read dos header from C:\WINDOWS\System32\sechost.dll
[0117/195024.055:ERROR:process_memory_win.cc(73)] ReadMemory at 0x7ff9f6d00000 of 64 bytes failed: Only part of a ReadProcessMemory or WriteProcessMemory request was completed. (0x12B)
[0117/195024.055:WARNING:pe_image_reader.cc(340)] could not read dos header from C:\WINDOWS\System32\RPCRT4.dll
[0117/195024.055:ERROR:process_memory_win.cc(73)] ReadMemory at 0x7ff996a10000 of 64 bytes failed: Only part of a ReadProcessMemory or WriteProcessMemory request was completed. (0x12B)
[0117/195024.055:WARNING:pe_image_reader.cc(340)] could not read dos header from C:\Program Files (x86)\Google\Chrome\Application\87.0.4280.141\chrome.dll
[0117/195024.055:ERROR:process_memory_win.cc(73)] ReadMemory at 0x7ff9f6790000 of 64 bytes failed: Only part of a ReadProcessMemory or WriteProcessMemory request was completed. (0x12B)
[0117/195024.055:WARNING:pe_image_reader.cc(340)] could not read dos header from C:\WINDOWS\System32\WS2_32.dll
[0117/195024.055:ERROR:process_memory_win.cc(73)] ReadMemory at 0x7ff9f6a10000 of 64 bytes failed: Only part of a ReadProcessMemory or WriteProcessMemory request was completed. (0x12B)
[0117/195024.055:WARNING:pe_image_reader.cc(340)] could not read dos header from C:\WINDOWS\System32\OLEAUT32.dll
[0117/195024.055:ERROR:process_memory_win.cc(73)] ReadMemory at 0x7ff9f47a0000 of 64 bytes failed: Only part of a ReadProcessMemory or WriteProcessMemory request was completed. (0x12B)
[0117/195024.055:WARNING:pe_image_reader.cc(340)] could not read dos header from C:\WINDOWS\System32\msvcp_win.dll
[0117/195024.055:ERROR:process_memory_win.cc(73)] ReadMemory at 0x7ff9f4670000 of 64 bytes failed: Only part of a ReadProcessMemory or WriteProcessMemory request was completed. (0x12B)
[0117/195024.055:WARNING:pe_image_reader.cc(340)] could not read dos header from C:\WINDOWS\System32\ucrtbase.dll
[0117/195024.055:ERROR:process_memory_win.cc(73)] ReadMemory at 0x7ff9f5c70000 of 64 bytes failed: Only part of a ReadProcessMemory or WriteProcessMemory request was completed. (0x12B)
[0117/195024.055:WARNING:pe_image_reader.cc(340)] could not read dos header from C:\WINDOWS\System32\combase.dll
[0117/195024.055:ERROR:process_memory_win.cc(73)] ReadMemory at 0x7ff9f45f0000 of 64 bytes failed: Only part of a ReadProcessMemory or WriteProcessMemory request was completed. (0x12B)
[0117/195024.055:WARNING:pe_image_reader.cc(340)] could not read dos header from C:\WINDOWS\System32\WINTRUST.dll
[0117/195024.055:ERROR:process_memory_win.cc(73)] ReadMemory at 0x7ff9f3fd0000 of 64 bytes failed: Only part of a ReadProcessMemory or WriteProcessMemory request was completed. (0x12B)
[0117/195024.055:WARNING:pe_image_reader.cc(340)] could not read dos header from C:\WINDOWS\System32\MSASN1.dll
[0117/195024.055:ERROR:process_memory_win.cc(73)] ReadMemory at 0x7ff9f48f0000 of 64 bytes failed: Only part of a ReadProcessMemory or WriteProcessMemory request was completed. (0x12B)
[0117/195024.055:WARNING:pe_image_reader.cc(340)] could not read dos header from C:\WINDOWS\System32\CRYPT32.dll
[0117/195024.055:ERROR:process_memory_win.cc(73)] ReadMemory at 0x7ff9f28b0000 of 64 bytes failed: Only part of a ReadProcessMemory or WriteProcessMemory request was completed. (0x12B)
[0117/195024.055:WARNING:pe_image_reader.cc(340)] could not read dos header from C:\WINDOWS\SYSTEM32\dbghelp.dll
[0117/195024.055:ERROR:process_memory_win.cc(73)] ReadMemory at 0x7ff9f34c0000 of 64 bytes failed: Only part of a ReadProcessMemory or WriteProcessMemory request was completed. (0x12B)
[0117/195024.055:WARNING:pe_image_reader.cc(340)] could not read dos header from C:\WINDOWS\SYSTEM32\IPHLPAPI.DLL
[0117/195024.055:ERROR:process_memory_win.cc(73)] ReadMemory at 0x7ff9f04d0000 of 64 bytes failed: Only part of a ReadProcessMemory or WriteProcessMemory request was completed. (0x12B)
[0117/195024.055:WARNING:pe_image_reader.cc(340)] could not read dos header from C:\WINDOWS\SYSTEM32\WINMM.dll
[0117/195024.055:ERROR:process_memory_win.cc(73)] ReadMemory at 0x7ff9cdd10000 of 64 bytes failed: Only part of a ReadProcessMemory or WriteProcessMemory request was completed. (0x12B)
[0117/195024.055:WARNING:pe_image_reader.cc(340)] could not read dos header from C:\WINDOWS\SYSTEM32\UIAutomationCore.DLL
[0117/195024.055:ERROR:process_memory_win.cc(73)] ReadMemory at 0x7ff9e0c40000 of 64 bytes failed: Only part of a ReadProcessMemory or WriteProcessMemory request was completed. (0x12B)
[0117/195024.055:WARNING:pe_image_reader.cc(340)] could not read dos header from C:\WINDOWS\SYSTEM32\Secur32.dll
[0117/195024.055:ERROR:process_memory_win.cc(73)] ReadMemory at 0x7ff9f3ea0000 of 64 bytes failed: Only part of a ReadProcessMemory or WriteProcessMemory request was completed. (0x12B)
[0117/195024.055:WARNING:pe_image_reader.cc(340)] could not read dos header from C:\WINDOWS\SYSTEM32\USERENV.dll
[0117/195024.055:ERROR:process_memory_win.cc(73)] ReadMemory at 0x7ff9f4010000 of 64 bytes failed: Only part of a ReadProcessMemory or WriteProcessMemory request was completed. (0x12B)
[0117/195024.055:WARNING:pe_image_reader.cc(340)] could not read dos header from C:\WINDOWS\System32\profapi.dll
[0117/195024.055:ERROR:process_memory_win.cc(73)] ReadMemory at 0x7ff9ecfc0000 of 64 bytes failed: Only part of a ReadProcessMemory or WriteProcessMemory request was completed. (0x12B)
[0117/195024.055:WARNING:pe_image_reader.cc(340)] could not read dos header from C:\WINDOWS\SYSTEM32\DWrite.dll
[0117/195024.055:ERROR:process_memory_win.cc(73)] ReadMemory at 0x7ff9d2bb0000 of 64 bytes failed: Only part of a ReadProcessMemory or WriteProcessMemory request was completed. (0x12B)
[0117/195024.055:WARNING:pe_image_reader.cc(340)] could not read dos header from C:\WINDOWS\SYSTEM32\WINSPOOL.DRV
[0117/195024.055:ERROR:process_memory_win.cc(73)] ReadMemory at 0x7ff9f3ff0000 of 64 bytes failed: Only part of a ReadProcessMemory or WriteProcessMemory request was completed. (0x12B)
[0117/195024.055:WARNING:pe_image_reader.cc(340)] could not read dos header from C:\WINDOWS\System32\kernel.appcore.dll
[0117/195024.055:ERROR:process_memory_win.cc(73)] ReadMemory at 0x7ff9f45c0000 of 64 bytes failed: Only part of a ReadProcessMemory or WriteProcessMemory request was completed. (0x12B)
[0117/195024.055:WARNING:pe_image_reader.cc(340)] could not read dos header from C:\WINDOWS\System32\bcrypt.dll
[0117/195024.055:ERROR:process_memory_win.cc(73)] ReadMemory at 0x7ff9e8290000 of 64 bytes failed: Only part of a ReadProcessMemory or WriteProcessMemory request was completed. (0x12B)
[0117/195024.055:WARNING:pe_image_reader.cc(340)] could not read dos header from C:\WINDOWS\SYSTEM32\WINHTTP.dll
[0117/195024.055:ERROR:process_memory_win.cc(73)] ReadMemory at 0x7ff9e8100000 of 64 bytes failed: Only part of a ReadProcessMemory or WriteProcessMemory request was completed. (0x12B)
[0117/195024.055:WARNING:pe_image_reader.cc(340)] could not read dos header from C:\WINDOWS\SYSTEM32\dhcpcsvc.DLL
[0117/195024.055:ERROR:process_memory_win.cc(73)] ReadMemory at 0x7ff9f6fa0000 of 64 bytes failed: Only part of a ReadProcessMemory or WriteProcessMemory request was completed. (0x12B)
[0117/195024.055:WARNING:pe_image_reader.cc(340)] could not read dos header from C:\WINDOWS\System32\NSI.dll
[0117/195024.055:ERROR:process_memory_win.cc(73)] ReadMemory at 0x7ff9f04a0000 of 64 bytes failed: Only part of a ReadProcessMemory or WriteProcessMemory request was completed. (0x12B)
[0117/195024.055:WARNING:pe_image_reader.cc(340)] could not read dos header from C:\WINDOWS\SYSTEM32\WINMMBASE.dll
[0117/195024.055:ERROR:process_memory_win.cc(73)] ReadMemory at 0x7ff9f4570000 of 64 bytes failed: Only part of a ReadProcessMemory or WriteProcessMemory request was completed. (0x12B)
[0117/195024.055:WARNING:pe_image_reader.cc(340)] could not read dos header from C:\WINDOWS\System32\cfgmgr32.dll
[0117/195024.055:ERROR:process_memory_win.cc(73)] ReadMemory at 0x7ff9f1d50000 of 64 bytes failed: Only part of a ReadProcessMemory or WriteProcessMemory request was completed. (0x12B)
[0117/195024.055:WARNING:pe_image_reader.cc(340)] could not read dos header from C:\WINDOWS\SYSTEM32\PROPSYS.dll
[0117/195024.055:ERROR:process_memory_win.cc(73)] ReadMemory at 0x7ff9f61f0000 of 64 bytes failed: Only part of a ReadProcessMemory or WriteProcessMemory request was completed. (0x12B)
[0117/195024.055:WARNING:pe_image_reader.cc(340)] could not read dos header from C:\WINDOWS\System32\shcore.dll
[0117/195024.055:ERROR:process_memory_win.cc(73)] ReadMemory at 0x7ff9f3ed0000 of 64 bytes failed: Only part of a ReadProcessMemory or WriteProcessMemory request was completed. (0x12B)
[0117/195024.055:WARNING:pe_image_reader.cc(340)] could not read dos header from C:\WINDOWS\SYSTEM32\SSPICLI.DLL
[0117/195024.055:ERROR:process_memory_win.cc(73)] ReadMemory at 0x7ff9f3980000 of 64 bytes failed: Only part of a ReadProcessMemory or WriteProcessMemory request was completed. (0x12B)
[0117/195024.055:WARNING:pe_image_reader.cc(340)] could not read dos header from C:\WINDOWS\SYSTEM32\CRYPTBASE.DLL
[0117/195024.055:ERROR:process_memory_win.cc(73)] ReadMemory at 0x7ff7b6af0000 of 64 bytes failed: Only part of a ReadProcessMemory or WriteProcessMemory request was completed. (0x12B)
[0117/195024.055:WARNING:pe_image_reader.cc(340)] could not read dos header from C:\Program Files (x86)\Google\Chrome\Application\chrome.exe
[0117/195024.055:ERROR:process_memory_win.cc(73)] ReadMemory at 0x7ff9f7120000 of 64 bytes failed: Only part of a ReadProcessMemory or WriteProcessMemory request was completed. (0x12B)
[0117/195024.055:WARNING:pe_image_reader.cc(340)] could not read dos header from C:\WINDOWS\SYSTEM32\ntdll.dll
[0117/195024.055:ERROR:process_memory_win.cc(73)] ReadMemory at 0x7ff9f51d0000 of 64 bytes failed: Only part of a ReadProcessMemory or WriteProcessMemory request was completed. (0x12B)
[0117/195024.055:WARNING:pe_image_reader.cc(340)] could not read dos header from C:\WINDOWS\System32\KERNEL32.DLL
[0117/195024.055:ERROR:process_memory_win.cc(73)] ReadMemory at 0x7ff9f42c0000 of 64 bytes failed: Only part of a ReadProcessMemory or WriteProcessMemory request was completed. (0x12B)
[0117/195024.055:WARNING:pe_image_reader.cc(340)] could not read dos header from C:\WINDOWS\System32\KERNELBASE.dll
[0117/195024.055:ERROR:process_memory_win.cc(73)] ReadMemory at 0x7ff9ce220000 of 64 bytes failed: Only part of a ReadProcessMemory or WriteProcessMemory request was completed. (0x12B)
[0117/195024.055:WARNING:pe_image_reader.cc(340)] could not read dos header from C:\Program Files (x86)\Google\Chrome\Application\87.0.4280.141\chrome_elf.dll
[0117/195024.055:ERROR:process_memory_win.cc(73)] ReadMemory at 0x7ff9ed5f0000 of 64 bytes failed: Only part of a ReadProcessMemory or WriteProcessMemory request was completed. (0x12B)
[0117/195024.055:WARNING:pe_image_reader.cc(340)] could not read dos header from C:\WINDOWS\SYSTEM32\VERSION.dll
[0117/195024.055:ERROR:process_memory_win.cc(73)] ReadMemory at 0x7ff9f6ba0000 of 64 bytes failed: Only part of a ReadProcessMemory or WriteProcessMemory request was completed. (0x12B)
[0117/195024.055:WARNING:pe_image_reader.cc(340)] could not read dos header from C:\WINDOWS\System32\msvcrt.dll
[0117/195024.055:ERROR:process_memory_win.cc(73)] ReadMemory at 0x7ff9f4090000 of 64 bytes failed: Only part of a ReadProcessMemory or WriteProcessMemory request was completed. (0x12B)
[0117/195024.055:WARNING:pe_image_reader.cc(340)] could not read dos header from C:\WINDOWS\System32\bcryptPrimitives.dll
[0117/195024.055:ERROR:process_memory_win.cc(73)] ReadMemory at 0x7ff9f6c50000 of 64 bytes failed: Only part of a ReadProcessMemory or WriteProcessMemory request was completed. (0x12B)
[0117/195024.055:WARNING:pe_image_reader.cc(340)] could not read dos header from C:\WINDOWS\System32\ADVAPI32.dll
[0117/195024.055:ERROR:process_memory_win.cc(73)] ReadMemory at 0x26269740000 of 64 bytes failed: Only part of a ReadProcessMemory or WriteProcessMemory request was completed. (0x12B)
[0117/195024.055:WARNING:pe_image_reader.cc(340)] could not read dos header from C:\WINDOWS\System32\sechost.dll
[0117/195024.055:ERROR:process_memory_win.cc(73)] ReadMemory at 0x7ff9f6d00000 of 64 bytes failed: Only part of a ReadProcessMemory or WriteProcessMemory request was completed. (0x12B)
[0117/195024.055:WARNING:pe_image_reader.cc(340)] could not read dos header from C:\WINDOWS\System32\RPCRT4.dll
[0117/195024.055:ERROR:process_memory_win.cc(73)] ReadMemory at 0x7ff996a10000 of 64 bytes failed: Only part of a ReadProcessMemory or WriteProcessMemory request was completed. (0x12B)
[0117/195024.055:WARNING:pe_image_reader.cc(340)] could not read dos header from C:\Program Files (x86)\Google\Chrome\Application\87.0.4280.141\chrome.dll
[0117/195024.055:ERROR:process_memory_win.cc(73)] ReadMemory at 0x7ff9f6790000 of 64 bytes failed: Only part of a ReadProcessMemory or WriteProcessMemory request was completed. (0x12B)
[0117/195024.055:WARNING:pe_image_reader.cc(340)] could not read dos header from C:\WINDOWS\System32\WS2_32.dll
[0117/195024.055:ERROR:process_memory_win.cc(73)] ReadMemory at 0x7ff9f6a10000 of 64 bytes failed: Only part of a ReadProcessMemory or WriteProcessMemory request was completed. (0x12B)
[0117/195024.055:WARNING:pe_image_reader.cc(340)] could not read dos header from C:\WINDOWS\System32\OLEAUT32.dll
[0117/195024.055:ERROR:process_memory_win.cc(73)] ReadMemory at 0x7ff9f47a0000 of 64 bytes failed: Only part of a ReadProcessMemory or WriteProcessMemory request was completed. (0x12B)
[0117/195024.055:WARNING:pe_image_reader.cc(340)] could not read dos header from C:\WINDOWS\System32\msvcp_win.dll
[0117/195024.055:ERROR:process_memory_win.cc(73)] ReadMemory at 0x7ff9f4670000 of 64 bytes failed: Only part of a ReadProcessMemory or WriteProcessMemory request was completed. (0x12B)
[0117/195024.055:WARNING:pe_image_reader.cc(340)] could not read dos header from C:\WINDOWS\System32\ucrtbase.dll
[0117/195024.055:ERROR:process_memory_win.cc(73)] ReadMemory at 0x7ff9f5c70000 of 64 bytes failed: Only part of a ReadProcessMemory or WriteProcessMemory request was completed. (0x12B)
[0117/195024.055:WARNING:pe_image_reader.cc(340)] could not read dos header from C:\WINDOWS\System32\combase.dll
[0117/195024.055:ERROR:process_memory_win.cc(73)] ReadMemory at 0x7ff9f45f0000 of 64 bytes failed: Only part of a ReadProcessMemory or WriteProcessMemory request was completed. (0x12B)
[0117/195024.055:WARNING:pe_image_reader.cc(340)] could not read dos header from C:\WINDOWS\System32\WINTRUST.dll
[0117/195024.055:ERROR:process_memory_win.cc(73)] ReadMemory at 0x7ff9f3fd0000 of 64 bytes failed: Only part of a ReadProcessMemory or WriteProcessMemory request was completed. (0x12B)
[0117/195024.055:WARNING:pe_image_reader.cc(340)] could not read dos header from C:\WINDOWS\System32\MSASN1.dll
[0117/195024.055:ERROR:process_memory_win.cc(73)] ReadMemory at 0x7ff9f48f0000 of 64 bytes failed: Only part of a ReadProcessMemory or WriteProcessMemory request was completed. (0x12B)
[0117/195024.055:WARNING:pe_image_reader.cc(340)] could not read dos header from C:\WINDOWS\System32\CRYPT32.dll
[0117/195024.055:ERROR:process_memory_win.cc(73)] ReadMemory at 0x7ff9f28b0000 of 64 bytes failed: Only part of a ReadProcessMemory or WriteProcessMemory request was completed. (0x12B)
[0117/195024.055:WARNING:pe_image_reader.cc(340)] could not read dos header from C:\WINDOWS\SYSTEM32\dbghelp.dll
[0117/195024.055:ERROR:process_memory_win.cc(73)] ReadMemory at 0x7ff9f34c0000 of 64 bytes failed: Only part of a ReadProcessMemory or WriteProcessMemory request was completed. (0x12B)
[0117/195024.055:WARNING:pe_image_reader.cc(340)] could not read dos header from C:\WINDOWS\SYSTEM32\IPHLPAPI.DLL
[0117/195024.055:ERROR:process_memory_win.cc(73)] ReadMemory at 0x7ff9f04d0000 of 64 bytes failed: Only part of a ReadProcessMemory or WriteProcessMemory request was completed. (0x12B)
[0117/195024.055:WARNING:pe_image_reader.cc(340)] could not read dos header from C:\WINDOWS\SYSTEM32\WINMM.dll
[0117/195024.055:ERROR:process_memory_win.cc(73)] ReadMemory at 0x7ff9cdd10000 of 64 bytes failed: Only part of a ReadProcessMemory or WriteProcessMemory request was completed. (0x12B)
[0117/195024.055:WARNING:pe_image_reader.cc(340)] could not read dos header from C:\WINDOWS\SYSTEM32\UIAutomationCore.DLL
[0117/195024.055:ERROR:process_memory_win.cc(73)] ReadMemory at 0x7ff9e0c40000 of 64 bytes failed: Only part of a ReadProcessMemory or WriteProcessMemory request was completed. (0x12B)
[0117/195024.055:WARNING:pe_image_reader.cc(340)] could not read dos header from C:\WINDOWS\SYSTEM32\Secur32.dll
[0117/195024.055:ERROR:process_memory_win.cc(73)] ReadMemory at 0x7ff9f3ea0000 of 64 bytes failed: Only part of a ReadProcessMemory or WriteProcessMemory request was completed. (0x12B)
[0117/195024.055:WARNING:pe_image_reader.cc(340)] could not read dos header from C:\WINDOWS\SYSTEM32\USERENV.dll
[0117/195024.055:ERROR:process_memory_win.cc(73)] ReadMemory at 0x7ff9f4010000 of 64 bytes failed: Only part of a ReadProcessMemory or WriteProcessMemory request was completed. (0x12B)
[0117/195024.055:WARNING:pe_image_reader.cc(340)] could not read dos header from C:\WINDOWS\System32\profapi.dll
[0117/195024.055:ERROR:process_memory_win.cc(73)] ReadMemory at 0x7ff9ecfc0000 of 64 bytes failed: Only part of a ReadProcessMemory or WriteProcessMemory request was completed. (0x12B)
[0117/195024.055:WARNING:pe_image_reader.cc(340)] could not read dos header from C:\WINDOWS\SYSTEM32\DWrite.dll
[0117/195024.055:ERROR:process_memory_win.cc(73)] ReadMemory at 0x7ff9d2bb0000 of 64 bytes failed: Only part of a ReadProcessMemory or WriteProcessMemory request was completed. (0x12B)
[0117/195024.055:WARNING:pe_image_reader.cc(340)] could not read dos header from C:\WINDOWS\SYSTEM32\WINSPOOL.DRV
[0117/195024.055:ERROR:process_memory_win.cc(73)] ReadMemory at 0x7ff9f3ff0000 of 64 bytes failed: Only part of a ReadProcessMemory or WriteProcessMemory request was completed. (0x12B)
[0117/195024.055:WARNING:pe_image_reader.cc(340)] could not read dos header from C:\WINDOWS\System32\kernel.appcore.dll
[0117/195024.055:ERROR:process_memory_win.cc(73)] ReadMemory at 0x7ff9f45c0000 of 64 bytes failed: Only part of a ReadProcessMemory or WriteProcessMemory request was completed. (0x12B)
[0117/195024.055:WARNING:pe_image_reader.cc(340)] could not read dos header from C:\WINDOWS\System32\bcrypt.dll
[0117/195024.055:ERROR:process_memory_win.cc(73)] ReadMemory at 0x7ff9e8290000 of 64 bytes failed: Only part of a ReadProcessMemory or WriteProcessMemory request was completed. (0x12B)
[0117/195024.055:WARNING:pe_image_reader.cc(340)] could not read dos header from C:\WINDOWS\SYSTEM32\WINHTTP.dll
[0117/195024.055:ERROR:process_memory_win.cc(73)] ReadMemory at 0x7ff9e8100000 of 64 bytes failed: Only part of a ReadProcessMemory or WriteProcessMemory request was completed. (0x12B)
[0117/195024.055:WARNING:pe_image_reader.cc(340)] could not read dos header from C:\WINDOWS\SYSTEM32\dhcpcsvc.DLL
[0117/195024.055:ERROR:process_memory_win.cc(73)] ReadMemory at 0x7ff9f6fa0000 of 64 bytes failed: Only part of a ReadProcessMemory or WriteProcessMemory request was completed. (0x12B)
[0117/195024.055:WARNING:pe_image_reader.cc(340)] could not read dos header from C:\WINDOWS\System32\NSI.dll
[0117/195024.055:ERROR:process_memory_win.cc(73)] ReadMemory at 0x7ff9f04a0000 of 64 bytes failed: Only part of a ReadProcessMemory or WriteProcessMemory request was completed. (0x12B)
[0117/195024.055:WARNING:pe_image_reader.cc(340)] could not read dos header from C:\WINDOWS\SYSTEM32\WINMMBASE.dll
[0117/195024.055:ERROR:process_memory_win.cc(73)] ReadMemory at 0x7ff9f4570000 of 64 bytes failed: Only part of a ReadProcessMemory or WriteProcessMemory request was completed. (0x12B)
[0117/195024.055:WARNING:pe_image_reader.cc(340)] could not read dos header from C:\WINDOWS\System32\cfgmgr32.dll
[0117/195024.055:ERROR:process_memory_win.cc(73)] ReadMemory at 0x7ff9f1d50000 of 64 bytes failed: Only part of a ReadProcessMemory or WriteProcessMemory request was completed. (0x12B)
[0117/195024.055:WARNING:pe_image_reader.cc(340)] could not read dos header from C:\WINDOWS\SYSTEM32\PROPSYS.dll
[0117/195024.055:ERROR:process_memory_win.cc(73)] ReadMemory at 0x7ff9f61f0000 of 64 bytes failed: Only part of a ReadProcessMemory or WriteProcessMemory request was completed. (0x12B)
[0117/195024.055:WARNING:pe_image_reader.cc(340)] could not read dos header from C:\WINDOWS\System32\shcore.dll
[0117/195024.055:ERROR:process_memory_win.cc(73)] ReadMemory at 0x7ff9f3ed0000 of 64 bytes failed: Only part of a ReadProcessMemory or WriteProcessMemory request was completed. (0x12B)
[0117/195024.055:WARNING:pe_image_reader.cc(340)] could not read dos header from C:\WINDOWS\SYSTEM32\SSPICLI.DLL
[0117/195024.055:ERROR:process_memory_win.cc(73)] ReadMemory at 0x7ff9f3980000 of 64 bytes failed: Only part of a ReadProcessMemory or WriteProcessMemory request was completed. (0x12B)
[0117/195024.055:WARNING:pe_image_reader.cc(340)] could not read dos header from C:\WINDOWS\SYSTEM32\CRYPTBASE.DLL
[0117/195024.389:ERROR:process_memory_win.cc(73)] ReadMemory at 0xfaec3f7000 of 36864 bytes failed: Only part of a ReadProcessMemory or WriteProcessMemory request was completed. (0x12B)
[0117/195024.389:ERROR:process_memory_win.cc(73)] ReadMemory at 0xfaecbfe000 of 8192 bytes failed: Only part of a ReadProcessMemory or WriteProcessMemory request was completed. (0x12B)
[0117/195024.389:ERROR:process_memory_win.cc(73)] ReadMemory at 0xfaed3fd000 of 12288 bytes failed: Only part of a ReadProcessMemory or WriteProcessMemory request was completed. (0x12B)
[0117/195024.389:ERROR:process_memory_win.cc(73)] ReadMemory at 0xfaedbfe000 of 8192 bytes failed: Only part of a ReadProcessMemory or WriteProcessMemory request was completed. (0x12B)
[0117/195024.389:ERROR:process_memory_win.cc(73)] ReadMemory at 0xfaee3fd000 of 12288 bytes failed: Only part of a ReadProcessMemory or WriteProcessMemory request was completed. (0x12B)
[0117/195024.389:ERROR:process_memory_win.cc(73)] ReadMemory at 0xfaeebff000 of 4096 bytes failed: Only part of a ReadProcessMemory or WriteProcessMemory request was completed. (0x12B)
[0117/195024.389:ERROR:process_memory_win.cc(73)] ReadMemory at 0xfaef3fe000 of 8192 bytes failed: Only part of a ReadProcessMemory or WriteProcessMemory request was completed. (0x12B)
[0117/195024.389:ERROR:process_memory_win.cc(73)] ReadMemory at 0xfaefbfd000 of 12288 bytes failed: Only part of a ReadProcessMemory or WriteProcessMemory request was completed. (0x12B)
[0117/195024.389:ERROR:process_memory_win.cc(73)] ReadMemory at 0xfaf0bfe000 of 8192 bytes failed: Only part of a ReadProcessMemory or WriteProcessMemory request was completed. (0x12B)
[0117/195024.389:ERROR:process_memory_win.cc(73)] ReadMemory at 0xfaf13fe000 of 8192 bytes failed: Only part of a ReadProcessMemory or WriteProcessMemory request was completed. (0x12B)
[0117/195024.389:ERROR:process_memory_win.cc(73)] ReadMemory at 0xfaf1bfe000 of 8192 bytes failed: Only part of a ReadProcessMemory or WriteProcessMemory request was completed. (0x12B)
[0117/195024.389:ERROR:process_memory_win.cc(73)] ReadMemory at 0xfaf23fe000 of 8192 bytes failed: Only part of a ReadProcessMemory or WriteProcessMemory request was completed. (0x12B)
[0117/195024.389:ERROR:process_memory_win.cc(73)] ReadMemory at 0xfaf03fd000 of 12288 bytes failed: Only part of a ReadProcessMemory or WriteProcessMemory request was completed. (0x12B)
[0117/195024.389:ERROR:process_memory_win.cc(73)] ReadMemory at 0xfaf2bfe000 of 8192 bytes failed: Only part of a ReadProcessMemory or WriteProcessMemory request was completed. (0x12B)
[0117/195024.389:ERROR:process_memory_win.cc(73)] ReadMemory at 0xfaf33fe000 of 8192 bytes failed: Only part of a ReadProcessMemory or WriteProcessMemory request was completed. (0x12B)
[0117/195024.389:ERROR:process_memory_win.cc(73)] ReadMemory at 0xfaeba31000 of 852 bytes failed: Only part of a ReadProcessMemory or WriteProcessMemory request was completed. (0x12B)
[0117/195024.389:ERROR:process_memory_win.cc(73)] ReadMemory at 0xfaeba32000 of 6024 bytes failed: Only part of a ReadProcessMemory or WriteProcessMemory request was completed. (0x12B)
[0117/195024.389:ERROR:process_memory_win.cc(73)] ReadMemory at 0xfaeba34000 of 6024 bytes failed: Only part of a ReadProcessMemory or WriteProcessMemory request was completed. (0x12B)
[0117/195024.389:ERROR:process_memory_win.cc(73)] ReadMemory at 0xfaeba36000 of 6024 bytes failed: Only part of a ReadProcessMemory or WriteProcessMemory request was completed. (0x12B)
[0117/195024.389:ERROR:process_memory_win.cc(73)] ReadMemory at 0xfaeba38000 of 6024 bytes failed: Only part of a ReadProcessMemory or WriteProcessMemory request was completed. (0x12B)
[0117/195024.389:ERROR:process_memory_win.cc(73)] ReadMemory at 0xfaeba3a000 of 6024 bytes failed: Only part of a ReadProcessMemory or WriteProcessMemory request was completed. (0x12B)
[0117/195024.389:ERROR:process_memory_win.cc(73)] ReadMemory at 0xfaeba3c000 of 6024 bytes failed: Only part of a ReadProcessMemory or WriteProcessMemory request was completed. (0x12B)
[0117/195024.389:ERROR:process_memory_win.cc(73)] ReadMemory at 0xfaeba3e000 of 6024 bytes failed: Only part of a ReadProcessMemory or WriteProcessMemory request was completed. (0x12B)
[0117/195024.389:ERROR:process_memory_win.cc(73)] ReadMemory at 0xfaeba40000 of 6024 bytes failed: Only part of a ReadProcessMemory or WriteProcessMemory request was completed. (0x12B)
[0117/195024.389:ERROR:process_memory_win.cc(73)] ReadMemory at 0xfaeba44000 of 6024 bytes failed: Only part of a ReadProcessMemory or WriteProcessMemory request was completed. (0x12B)
[0117/195024.389:ERROR:process_memory_win.cc(73)] ReadMemory at 0xfaeba46000 of 6024 bytes failed: Only part of a ReadProcessMemory or WriteProcessMemory request was completed. (0x12B)
[0117/195024.389:ERROR:process_memory_win.cc(73)] ReadMemory at 0xfaeba48000 of 6024 bytes failed: Only part of a ReadProcessMemory or WriteProcessMemory request was completed. (0x12B)
[0117/195024.389:ERROR:process_memory_win.cc(73)] ReadMemory at 0xfaeba4a000 of 6024 bytes failed: Only part of a ReadProcessMemory or WriteProcessMemory request was completed. (0x12B)
[0117/195024.389:ERROR:process_memory_win.cc(73)] ReadMemory at 0xfaeba4e000 of 6024 bytes failed: Only part of a ReadProcessMemory or WriteProcessMemory request was completed. (0x12B)
[0117/195024.389:ERROR:process_memory_win.cc(73)] ReadMemory at 0xfaeba50000 of 6024 bytes failed: Only part of a ReadProcessMemory or WriteProcessMemory request was completed. (0x12B)
[0117/195024.389:ERROR:process_memory_win.cc(73)] ReadMemory at 0xfaeba52000 of 6024 bytes failed: Only part of a ReadProcessMemory or WriteProcessMemory request was completed. (0x12B)
[0117/195024.389:ERROR:process_memory_win.cc(73)] ReadMemory at 0x262692b0c40 of 896 bytes failed: Only part of a ReadProcessMemory or WriteProcessMemory request was completed. (0x12B)
[0117/195024.389:ERROR:process_memory_win.cc(73)] ReadMemory at 0x26269300fe0 of 4176 bytes failed: Only part of a ReadProcessMemory or WriteProcessMemory request was completed. (0x12B)
[0117/195024.389:ERROR:process_memory_win.cc(73)] ReadMemory at 0x26269302040 of 1012 bytes failed: Only part of a ReadProcessMemory or WriteProcessMemory request was completed. (0x12B)
[0117/195024.389:ERROR:process_memory_win.cc(73)] ReadMemory at 0x26269302688 of 118 bytes failed: Only part of a ReadProcessMemory or WriteProcessMemory request was completed. (0x12B)
[0117/195024.389:ERROR:process_memory_win.cc(73)] ReadMemory at 0x26269302700 of 714 bytes failed: Only part of a ReadProcessMemory or WriteProcessMemory request was completed. (0x12B)
[0117/195024.389:ERROR:process_memory_win.cc(73)] ReadMemory at 0x262693029cc of 118 bytes failed: Only part of a ReadProcessMemory or WriteProcessMemory request was completed. (0x12B)
[0117/195024.389:ERROR:process_memory_win.cc(73)] ReadMemory at 0x26269302a44 of 100 bytes failed: Only part of a ReadProcessMemory or WriteProcessMemory request was completed. (0x12B)
[0117/195024.389:ERROR:process_memory_win.cc(73)] ReadMemory at 0x26269302ac0 of 58 bytes failed: Only part of a ReadProcessMemory or WriteProcessMemory request was completed. (0x12B)
[0117/195024.405:ERROR:process_memory_win.cc(73)] ReadMemory at 0x26269302bc0 of 132 bytes failed: Only part of a ReadProcessMemory or WriteProcessMemory request was completed. (0x12B)
[0117/195024.405:ERROR:process_memory_win.cc(73)] ReadMemory at 0x26269302d50 of 132 bytes failed: Only part of a ReadProcessMemory or WriteProcessMemory request was completed. (0x12B)
[0117/195024.405:ERROR:process_memory_win.cc(73)] ReadMemory at 0x26269302f10 of 126 bytes failed: Only part of a ReadProcessMemory or WriteProcessMemory request was completed. (0x12B)
[0117/195024.405:ERROR:process_memory_win.cc(73)] ReadMemory at 0x26269303410 of 132 bytes failed: Only part of a ReadProcessMemory or WriteProcessMemory request was completed. (0x12B)
[0117/195024.405:ERROR:process_memory_win.cc(73)] ReadMemory at 0x262693035a0 of 64 bytes failed: Only part of a ReadProcessMemory or WriteProcessMemory request was completed. (0x12B)
[0117/195024.405:ERROR:process_memory_win.cc(73)] ReadMemory at 0x26269303760 of 132 bytes failed: Only part of a ReadProcessMemory or WriteProcessMemory request was completed. (0x12B)
[0117/195024.405:ERROR:process_memory_win.cc(73)] ReadMemory at 0x26269303a00 of 132 bytes failed: Only part of a ReadProcessMemory or WriteProcessMemory request was completed. (0x12B)
[0117/195024.405:ERROR:process_memory_win.cc(73)] ReadMemory at 0x26269303b90 of 68 bytes failed: Only part of a ReadProcessMemory or WriteProcessMemory request was completed. (0x12B)
[0117/195024.405:ERROR:process_memory_win.cc(73)] ReadMemory at 0x26269304c40 of 132 bytes failed: Only part of a ReadProcessMemory or WriteProcessMemory request was completed. (0x12B)
[0117/195024.405:ERROR:process_memory_win.cc(73)] ReadMemory at 0x26269304dd0 of 154 bytes failed: Only part of a ReadProcessMemory or WriteProcessMemory request was completed. (0x12B)
[0117/195024.405:ERROR:process_memory_win.cc(73)] ReadMemory at 0x26269305a30 of 60 bytes failed: Only part of a ReadProcessMemory or WriteProcessMemory request was completed. (0x12B)
[0117/195024.405:ERROR:process_memory_win.cc(73)] ReadMemory at 0x26269305aa0 of 62 bytes failed: Only part of a ReadProcessMemory or WriteProcessMemory request was completed. (0x12B)
[0117/195024.406:ERROR:process_memory_win.cc(73)] ReadMemory at 0x26269305c90 of 132 bytes failed: Only part of a ReadProcessMemory or WriteProcessMemory request was completed. (0x12B)
[0117/195024.406:ERROR:process_memory_win.cc(73)] ReadMemory at 0x2626930e460 of 54 bytes failed: Only part of a ReadProcessMemory or WriteProcessMemory request was completed. (0x12B)
[0117/195024.406:ERROR:process_memory_win.cc(73)] ReadMemory at 0x2626930e870 of 76 bytes failed: Only part of a ReadProcessMemory or WriteProcessMemory request was completed. (0x12B)
[0117/195024.406:ERROR:process_memory_win.cc(73)] ReadMemory at 0x2626930ea50 of 80 bytes failed: Only part of a ReadProcessMemory or WriteProcessMemory request was completed. (0x12B)
[0117/195024.406:ERROR:process_memory_win.cc(73)] ReadMemory at 0x2626930eb70 of 80 bytes failed: Only part of a ReadProcessMemory or WriteProcessMemory request was completed. (0x12B)
[0117/195024.406:ERROR:process_memory_win.cc(73)] ReadMemory at 0x262693110c0 of 62 bytes failed: Only part of a ReadProcessMemory or WriteProcessMemory request was completed. (0x12B)
[0117/195024.406:ERROR:process_memory_win.cc(73)] ReadMemory at 0x262693114d0 of 64 bytes failed: Only part of a ReadProcessMemory or WriteProcessMemory request was completed. (0x12B)
[0117/195024.406:ERROR:process_memory_win.cc(73)] ReadMemory at 0x262693115c0 of 60 bytes failed: Only part of a ReadProcessMemory or WriteProcessMemory request was completed. (0x12B)
[0117/195024.406:ERROR:process_memory_win.cc(73)] ReadMemory at 0x262693130e0 of 132 bytes failed: Only part of a ReadProcessMemory or WriteProcessMemory request was completed. (0x12B)
[0117/195024.406:ERROR:process_memory_win.cc(73)] ReadMemory at 0x26269313640 of 132 bytes failed: Only part of a ReadProcessMemory or WriteProcessMemory request was completed. (0x12B)
[0117/195024.406:ERROR:process_memory_win.cc(73)] ReadMemory at 0x26269313960 of 132 bytes failed: Only part of a ReadProcessMemory or WriteProcessMemory request was completed. (0x12B)
[0117/195024.406:ERROR:process_memory_win.cc(73)] ReadMemory at 0x26269313b80 of 132 bytes failed: Only part of a ReadProcessMemory or WriteProcessMemory request was completed. (0x12B)
[0117/195024.406:ERROR:process_memory_win.cc(73)] ReadMemory at 0x26269313f50 of 132 bytes failed: Only part of a ReadProcessMemory or WriteProcessMemory request was completed. (0x12B)
[0117/195024.406:ERROR:process_memory_win.cc(73)] ReadMemory at 0x26269314b60 of 132 bytes failed: Only part of a ReadProcessMemory or WriteProcessMemory request was completed. (0x12B)
[0117/195024.406:ERROR:process_memory_win.cc(73)] ReadMemory at 0x26269314dc0 of 132 bytes failed: Only part of a ReadProcessMemory or WriteProcessMemory request was completed. (0x12B)
[0117/195024.406:ERROR:process_memory_win.cc(73)] ReadMemory at 0x26269314ef0 of 132 bytes failed: Only part of a ReadProcessMemory or WriteProcessMemory request was completed. (0x12B)
[0117/195024.420:ERROR:process_memory_win.cc(73)] ReadMemory at 0x26269315020 of 132 bytes failed: Only part of a ReadProcessMemory or WriteProcessMemory request was completed. (0x12B)
[0117/195024.420:ERROR:process_memory_win.cc(73)] ReadMemory at 0x26269315150 of 132 bytes failed: Only part of a ReadProcessMemory or WriteProcessMemory request was completed. (0x12B)
[0117/195024.420:ERROR:process_memory_win.cc(73)] ReadMemory at 0x26269315280 of 132 bytes failed: Only part of a ReadProcessMemory or WriteProcessMemory request was completed. (0x12B)
[0117/195024.420:ERROR:process_memory_win.cc(73)] ReadMemory at 0x262693154e0 of 132 bytes failed: Only part of a ReadProcessMemory or WriteProcessMemory request was completed. (0x12B)
[0117/195024.420:ERROR:process_memory_win.cc(73)] ReadMemory at 0x26269315610 of 132 bytes failed: Only part of a ReadProcessMemory or WriteProcessMemory request was completed. (0x12B)
[0117/195024.420:ERROR:process_memory_win.cc(73)] ReadMemory at 0x26269315740 of 132 bytes failed: Only part of a ReadProcessMemory or WriteProcessMemory request was completed. (0x12B)
[0117/195024.420:ERROR:process_memory_win.cc(73)] ReadMemory at 0x26269315870 of 132 bytes failed: Only part of a ReadProcessMemory or WriteProcessMemory request was completed. (0x12B)
[0117/195024.420:ERROR:process_memory_win.cc(73)] ReadMemory at 0x262693159a0 of 132 bytes failed: Only part of a ReadProcessMemory or WriteProcessMemory request was completed. (0x12B)
[0117/195024.420:ERROR:process_memory_win.cc(73)] ReadMemory at 0x26269315ad0 of 132 bytes failed: Only part of a ReadProcessMemory or WriteProcessMemory request was completed. (0x12B)
[0117/195024.420:ERROR:process_memory_win.cc(73)] ReadMemory at 0x26269315c00 of 132 bytes failed: Only part of a ReadProcessMemory or WriteProcessMemory request was completed. (0x12B)
[0117/195024.420:ERROR:process_memory_win.cc(73)] ReadMemory at 0x262693177a0 of 132 bytes failed: Only part of a ReadProcessMemory or WriteProcessMemory request was completed. (0x12B)
[0117/195024.420:ERROR:process_memory_win.cc(73)] ReadMemory at 0x262693178d0 of 132 bytes failed: Only part of a ReadProcessMemory or WriteProcessMemory request was completed. (0x12B)
[0117/195024.420:ERROR:process_memory_win.cc(73)] ReadMemory at 0x26269319d70 of 132 bytes failed: Only part of a ReadProcessMemory or WriteProcessMemory request was completed. (0x12B)
[0117/195024.420:ERROR:process_memory_win.cc(73)] ReadMemory at 0x2626931a1a0 of 132 bytes failed: Only part of a ReadProcessMemory or WriteProcessMemory request was completed. (0x12B)
[0117/195024.420:ERROR:process_memory_win.cc(73)] ReadMemory at 0x2626931c490 of 60 bytes failed: Only part of a ReadProcessMemory or WriteProcessMemory request was completed. (0x12B)
[0117/195024.420:ERROR:process_memory_win.cc(73)] ReadMemory at 0x2626931c4e0 of 60 bytes failed: Only part of a ReadProcessMemory or WriteProcessMemory request was completed. (0x12B)
[0117/195024.420:ERROR:process_memory_win.cc(73)] ReadMemory at 0x2626931c620 of 62 bytes failed: Only part of a ReadProcessMemory or WriteProcessMemory request was completed. (0x12B)
[0117/195024.427:ERROR:process_memory_win.cc(73)] ReadMemory at 0x2626931c670 of 66 bytes failed: Only part of a ReadProcessMemory or WriteProcessMemory request was completed. (0x12B)
[0117/195024.427:ERROR:process_memory_win.cc(73)] ReadMemory at 0x2626931c6c0 of 64 bytes failed: Only part of a ReadProcessMemory or WriteProcessMemory request was completed. (0x12B)
[0117/195024.427:ERROR:process_memory_win.cc(73)] ReadMemory at 0x2626931c760 of 64 bytes failed: Only part of a ReadProcessMemory or WriteProcessMemory request was completed. (0x12B)
[0117/195024.427:ERROR:process_memory_win.cc(73)] ReadMemory at 0x2626931c7b0 of 66 bytes failed: Only part of a ReadProcessMemory or WriteProcessMemory request was completed. (0x12B)
[0117/195024.427:ERROR:process_memory_win.cc(73)] ReadMemory at 0x2626931c8f0 of 60 bytes failed: Only part of a ReadProcessMemory or WriteProcessMemory request was completed. (0x12B)
[0117/195024.427:ERROR:process_memory_win.cc(73)] ReadMemory at 0x2626931c940 of 62 bytes failed: Only part of a ReadProcessMemory or WriteProcessMemory request was completed. (0x12B)
[0117/195024.427:ERROR:process_memory_win.cc(73)] ReadMemory at 0x2626931c990 of 62 bytes failed: Only part of a ReadProcessMemory or WriteProcessMemory request was completed. (0x12B)
[0117/195024.427:ERROR:process_memory_win.cc(73)] ReadMemory at 0x2626931ca30 of 64 bytes failed: Only part of a ReadProcessMemory or WriteProcessMemory request was completed. (0x12B)
[0117/195024.427:ERROR:process_memory_win.cc(73)] ReadMemory at 0x2626931cad0 of 62 bytes failed: Only part of a ReadProcessMemory or WriteProcessMemory request was completed. (0x12B)
[0117/195024.428:ERROR:process_memory_win.cc(73)] ReadMemory at 0x2626931cb20 of 58 bytes failed: Only part of a ReadProcessMemory or WriteProcessMemory request was completed. (0x12B)
[0117/195024.428:ERROR:process_memory_win.cc(73)] ReadMemory at 0x2626931cb70 of 62 bytes failed: Only part of a ReadProcessMemory or WriteProcessMemory request was completed. (0x12B)
[0117/195024.428:ERROR:process_memory_win.cc(73)] ReadMemory at 0x2626931cbc0 of 64 bytes failed: Only part of a ReadProcessMemory or WriteProcessMemory request was completed. (0x12B)
[0117/195024.428:ERROR:process_memory_win.cc(73)] ReadMemory at 0x2626931cd00 of 62 bytes failed: Only part of a ReadProcessMemory or WriteProcessMemory request was completed. (0x12B)
[0117/195024.428:ERROR:process_memory_win.cc(73)] ReadMemory at 0x2626931cdf0 of 62 bytes failed: Only part of a ReadProcessMemory or WriteProcessMemory request was completed. (0x12B)
[0117/195024.428:ERROR:process_memory_win.cc(73)] ReadMemory at 0x2626931ce40 of 62 bytes failed: Only part of a ReadProcessMemory or WriteProcessMemory request was completed. (0x12B)
[0117/195024.428:ERROR:process_memory_win.cc(73)] ReadMemory at 0x2626931d020 of 64 bytes failed: Only part of a ReadProcessMemory or WriteProcessMemory request was completed. (0x12B)
[0117/195024.428:ERROR:process_memory_win.cc(73)] ReadMemory at 0x2626931d0c0 of 64 bytes failed: Only part of a ReadProcessMemory or WriteProcessMemory request was completed. (0x12B)
[0117/195024.428:ERROR:process_memory_win.cc(73)] ReadMemory at 0x2626931d110 of 64 bytes failed: Only part of a ReadProcessMemory or WriteProcessMemory request was completed. (0x12B)
[0117/195024.428:ERROR:process_memory_win.cc(73)] ReadMemory at 0x2626931d200 of 60 bytes failed: Only part of a ReadProcessMemory or WriteProcessMemory request was completed. (0x12B)
[0117/195024.428:ERROR:process_memory_win.cc(73)] ReadMemory at 0x2626931d250 of 60 bytes failed: Only part of a ReadProcessMemory or WriteProcessMemory request was completed. (0x12B)
[0117/195024.429:ERROR:process_memory_win.cc(73)] ReadMemory at 0x2626931d2f0 of 62 bytes failed: Only part of a ReadProcessMemory or WriteProcessMemory request was completed. (0x12B)
[0117/195024.429:ERROR:process_memory_win.cc(73)] ReadMemory at 0x2626931ef20 of 146 bytes failed: Only part of a ReadProcessMemory or WriteProcessMemory request was completed. (0x12B)
[0117/195024.429:ERROR:process_memory_win.cc(73)] ReadMemory at 0x2626931fd00 of 132 bytes failed: Only part of a ReadProcessMemory or WriteProcessMemory request was completed. (0x12B)
[0117/195024.429:ERROR:process_memory_win.cc(73)] ReadMemory at 0x2626931fe30 of 132 bytes failed: Only part of a ReadProcessMemory or WriteProcessMemory request was completed. (0x12B)
[0117/195024.429:ERROR:process_memory_win.cc(73)] ReadMemory at 0x262693201c0 of 132 bytes failed: Only part of a ReadProcessMemory or WriteProcessMemory request was completed. (0x12B)
[0117/195024.429:ERROR:process_memory_win.cc(73)] ReadMemory at 0x26269320550 of 132 bytes failed: Only part of a ReadProcessMemory or WriteProcessMemory request was completed. (0x12B)
[0117/195024.429:ERROR:process_memory_win.cc(73)] ReadMemory at 0x262693208e0 of 132 bytes failed: Only part of a ReadProcessMemory or WriteProcessMemory request was completed. (0x12B)
[0117/195024.429:ERROR:process_memory_win.cc(73)] ReadMemory at 0x26269320a10 of 132 bytes failed: Only part of a ReadProcessMemory or WriteProcessMemory request was completed. (0x12B)
[0117/195024.429:ERROR:process_memory_win.cc(73)] ReadMemory at 0x26269321000 of 132 bytes failed: Only part of a ReadProcessMemory or WriteProcessMemory request was completed. (0x12B)
[0117/195024.429:ERROR:process_memory_win.cc(73)] ReadMemory at 0x26269321260 of 132 bytes failed: Only part of a ReadProcessMemory or WriteProcessMemory request was completed. (0x12B)
[0117/195024.429:ERROR:process_memory_win.cc(73)] ReadMemory at 0x26269321390 of 132 bytes failed: Only part of a ReadProcessMemory or WriteProcessMemory request was completed. (0x12B)
[0117/195024.429:ERROR:process_memory_win.cc(73)] ReadMemory at 0x26269321ab0 of 132 bytes failed: Only part of a ReadProcessMemory or WriteProcessMemory request was completed. (0x12B)
[0117/195024.430:ERROR:process_memory_win.cc(73)] ReadMemory at 0x2626933a9f0 of 512 bytes failed: Only part of a ReadProcessMemory or WriteProcessMemory request was completed. (0x12B)
[0117/195024.430:ERROR:process_memory_win.cc(73)] ReadMemory at 0x262693676d0 of 512 bytes failed: Only part of a ReadProcessMemory or WriteProcessMemory request was completed. (0x12B)
[0117/195024.430:ERROR:process_memory_win.cc(73)] ReadMemory at 0x262693786c0 of 512 bytes failed: Only part of a ReadProcessMemory or WriteProcessMemory request was completed. (0x12B)
[0117/195024.430:ERROR:process_memory_win.cc(73)] ReadMemory at 0x26269378dc0 of 512 bytes failed: Only part of a ReadProcessMemory or WriteProcessMemory request was completed. (0x12B)
[0117/195024.430:ERROR:process_memory_win.cc(73)] ReadMemory at 0x2626938d910 of 512 bytes failed: Only part of a ReadProcessMemory or WriteProcessMemory request was completed. (0x12B)
[0117/195024.430:ERROR:process_memory_win.cc(73)] ReadMemory at 0x2626938e800 of 712 bytes failed: Only part of a ReadProcessMemory or WriteProcessMemory request was completed. (0x12B)
[0117/195024.430:ERROR:process_memory_win.cc(73)] ReadMemory at 0x262693a8b26 of 812 bytes failed: Only part of a ReadProcessMemory or WriteProcessMemory request was completed. (0x12B)
[0117/195024.430:ERROR:process_memory_win.cc(73)] ReadMemory at 0x262693b92d6 of 512 bytes failed: Only part of a ReadProcessMemory or WriteProcessMemory request was completed. (0x12B)
[0117/195024.430:ERROR:process_memory_win.cc(73)] ReadMemory at 0x262693be2e0 of 512 bytes failed: Only part of a ReadProcessMemory or WriteProcessMemory request was completed. (0x12B)
[0117/195024.431:ERROR:process_memory_win.cc(73)] ReadMemory at 0x262693d3330 of 512 bytes failed: Only part of a ReadProcessMemory or WriteProcessMemory request was completed. (0x12B)
[0117/195024.431:ERROR:process_memory_win.cc(73)] ReadMemory at 0x262693d5b18 of 512 bytes failed: Only part of a ReadProcessMemory or WriteProcessMemory request was completed. (0x12B)
[0117/195024.431:ERROR:process_memory_win.cc(73)] ReadMemory at 0x262693d6658 of 656 bytes failed: Only part of a ReadProcessMemory or WriteProcessMemory request was completed. (0x12B)
[0117/195024.431:ERROR:process_memory_win.cc(73)] ReadMemory at 0x262693ef050 of 512 bytes failed: Only part of a ReadProcessMemory or WriteProcessMemory request was completed. (0x12B)
[0117/195024.432:ERROR:process_memory_win.cc(73)] ReadMemory at 0x2626ad61d90 of 512 bytes failed: Only part of a ReadProcessMemory or WriteProcessMemory request was completed. (0x12B)
[0117/195024.432:ERROR:process_memory_win.cc(73)] ReadMemory at 0x2626b113ca0 of 512 bytes failed: Only part of a ReadProcessMemory or WriteProcessMemory request was completed. (0x12B)
[0117/195024.432:ERROR:process_memory_win.cc(73)] ReadMemory at 0x2626b128cf0 of 512 bytes failed: Only part of a ReadProcessMemory or WriteProcessMemory request was completed. (0x12B)
[0117/195024.432:ERROR:process_memory_win.cc(73)] ReadMemory at 0x2626b1294f0 of 512 bytes failed: Only part of a ReadProcessMemory or WriteProcessMemory request was completed. (0x12B)
[0117/195024.432:ERROR:process_memory_win.cc(73)] ReadMemory at 0x2626b159e80 of 512 bytes failed: Only part of a ReadProcessMemory or WriteProcessMemory request was completed. (0x12B)
[0117/195024.432:ERROR:process_memory_win.cc(73)] ReadMemory at 0x2626b16d1f0 of 512 bytes failed: Only part of a ReadProcessMemory or WriteProcessMemory request was completed. (0x12B)
[0117/195024.432:ERROR:process_memory_win.cc(73)] ReadMemory at 0x49b4caa8808 of 512 bytes failed: Only part of a ReadProcessMemory or WriteProcessMemory request was completed. (0x12B)
[0117/195024.432:ERROR:process_memory_win.cc(73)] ReadMemory at 0x49b4cab61c8 of 512 bytes failed: Only part of a ReadProcessMemory or WriteProcessMemory request was completed. (0x12B)
[0117/195024.432:ERROR:process_memory_win.cc(73)] ReadMemory at 0x12ffe50e1000 of 384 bytes failed: Only part of a ReadProcessMemory or WriteProcessMemory request was completed. (0x12B)
[0117/195024.432:ERROR:process_memory_win.cc(73)] ReadMemory at 0x38119364ce80 of 792 bytes failed: Only part of a ReadProcessMemory or WriteProcessMemory request was completed. (0x12B)
[0117/195024.432:ERROR:process_memory_win.cc(73)] ReadMemory at 0x5488a2641000 of 384 bytes failed: Only part of a ReadProcessMemory or WriteProcessMemory request was completed. (0x12B)
[0117/195024.433:ERROR:process_memory_win.cc(73)] ReadMemory at 0x68840819863d of 512 bytes failed: Only part of a ReadProcessMemory or WriteProcessMemory request was completed. (0x12B)
[0117/195024.433:ERROR:process_memory_win.cc(73)] ReadMemory at 0x688408200090 of 512 bytes failed: Only part of a ReadProcessMemory or WriteProcessMemory request was completed. (0x12B)
[0117/195024.433:ERROR:process_memory_win.cc(73)] ReadMemory at 0x7ff998b4e7e8 of 512 bytes failed: Only part of a ReadProcessMemory or WriteProcessMemory request was completed. (0x12B)
[0117/195024.433:ERROR:process_memory_win.cc(73)] ReadMemory at 0x7ff9993af949 of 512 bytes failed: Only part of a ReadProcessMemory or WriteProcessMemory request was completed. (0x12B)
[0117/195024.433:ERROR:process_memory_win.cc(73)] ReadMemory at 0x7ff99ebd6ec0 of 512 bytes failed: Only part of a ReadProcessMemory or WriteProcessMemory request was completed. (0x12B)
[0117/195024.433:ERROR:process_memory_win.cc(73)] ReadMemory at 0x7ff9ce25a1c0 of 512 bytes failed: Only part of a ReadProcessMemory or WriteProcessMemory request was completed. (0x12B)
[0117/195024.433:ERROR:process_memory_win.cc(73)] ReadMemory at 0x7ff9ce25a8b7 of 512 bytes failed: Only part of a ReadProcessMemory or WriteProcessMemory request was completed. (0x12B)
[0117/195024.433:ERROR:process_memory_win.cc(73)] ReadMemory at 0x7ff9f51f1fd0 of 512 bytes failed: Only part of a ReadProcessMemory or WriteProcessMemory request was completed. (0x12B)
[0117/195024.433:ERROR:process_memory_win.cc(73)] ReadMemory at 0x7ff9f71bc6f4 of 672 bytes failed: Only part of a ReadProcessMemory or WriteProcessMemory request was completed. (0x12B)
[0117/195024.433:ERROR:process_memory_win.cc(73)] ReadMemory at 0x7ff9f71bffa4 of 608 bytes failed: Only part of a ReadProcessMemory or WriteProcessMemory request was completed. (0x12B)
[0117/195024.433:ERROR:process_memory_win.cc(73)] ReadMemory at 0x7ff9f724c428 of 18 bytes failed: Only part of a ReadProcessMemory or WriteProcessMemory request was completed. (0x12B)
[0117/195024.433:ERROR:process_memory_win.cc(73)] ReadMemory at 0x7ff9f727f4f8 of 40 bytes failed: Only part of a ReadProcessMemory or WriteProcessMemory request was completed. (0x12B)
[0117/195024.433:ERROR:process_memory_win.cc(73)] ReadMemory at 0x7ff9f727f978 of 48 bytes failed: Only part of a ReadProcessMemory or WriteProcessMemory request was completed. (0x12B)
[0117/195024.434:ERROR:process_memory_win.cc(73)] ReadMemory at 0x7ff9f72853c0 of 64 bytes failed: Only part of a ReadProcessMemory or WriteProcessMemory request was completed. (0x12B)
[0117/195024.467:ERROR:scoped_process_suspend.cc(40)] NtResumeProcess: An attempt was made to access an exiting process. (0xc000010a)
[0118/142945.412:ERROR:directory_reader_win.cc(43)] FindFirstFile: The system cannot find the path specified. (0x3)
[0119/105008.301:ERROR:directory_reader_win.cc(43)] FindFirstFile: The system cannot find the path specified. (0x3)
[0119/144607.857:ERROR:directory_reader_win.cc(43)] FindFirstFile: The system cannot find the path specified. (0x3)
[0119/201740.220:ERROR:directory_reader_win.cc(43)] FindFirstFile: The system cannot find the path specified. (0x3)
[0120/104737.176:ERROR:directory_reader_win.cc(43)] FindFirstFile: The system cannot find the path specified. (0x3)
[0121/143241.864:ERROR:directory_reader_win.cc(43)] FindFirstFile: The system cannot find the path specified. (0x3)
[0122/104420.040:ERROR:directory_reader_win.cc(43)] FindFirstFile: The system cannot find the path specified. (0x3)
